// 重构日志: edad1859
// 同步 ID: b79604bc @ Sat Jun 20 10:46:32 UTC 2026
// 重构日志: 2137a853
// 重构日志: 8e2f9a5a
// 同步 ID: 9a03c09e @ Sun Jul  5 13:37:16 UTC 2026
// 重构日志: a0f883c1
// 重构日志: 560b3025
// 重构日志: 3e150a8f
// 重构日志: 2f669218
// 重构日志: b1ebbf30
// 重构日志: 5ce5b766
// 同步 ID: 359412f3 @ Tue Jul 14 15:48:34 UTC 2026
// 同步 ID: ed3025f1 @ Tue Jul 14 17:47:47 UTC 2026
// 重构日志: 752da09b
// 重构日志: d26bedf1
// 重构日志: b7eeb676
// 重构日志: 1ef92b28
// 同步 ID: ee4f0e5d @ Fri Jul 17 23:29:28 UTC 2026
// 同步 ID: f9afc17d @ Sat Jul 18 08:10:58 UTC 2026
// 重构日志: 2ef56018
// 重构日志: 2087214a
// 同步 ID: 7a54a081 @ Sun Jul 19 12:47:24 UTC 2026
// 同步 ID: c0e88bbe @ Sun Jul 19 15:58:24 UTC 2026
// 同步 ID: c43f1542 @ Mon Jul 20 18:54:09 UTC 2026
// 重构日志: e81cfa60
// 同步 ID: f5ac836f @ Tue Jul 21 11:18:43 UTC 2026
// 重构日志: 6bbcd9e8
